<?xml version="1.0" encoding="UTF-8"?>
<!-- Generated by org.testng.reporters.JUnitXMLReporter -->
<testsuite ignored="0" hostname="Sagar" failures="0" tests="4" name="Default test" time="32.386" errors="0" timestamp="2023-06-29T12:30:25 NZST">
  <testcase classname="test.Registration" name="PasswordValidationTestCase" time="9.022"/>
  <testcase classname="test.Registration" name="duplicateProfileTestCase" time="6.767"/>
  <testcase classname="test.Registration" name="negativeRegistrationTestCase" time="6.729"/>
  <testcase classname="test.Registration" name="positiveRegistrationTestCase" time="9.778"/>
</testsuite> <!-- Default test -->
